Arguments: 
  /usr/local/bin/node /usr/local/bin/yarn

PATH: 
  /usr/local/bin:/usr/bin:/bin:/usr/sbin:/sbin:/Applications/VMware Fusion.app/Contents/Public

Yarn version: 
  1.7.0

Node version: 
  8.11.2

Platform: 
  darwin x64

Trace: 
  Error: getaddrinfo ENOTFOUND registry.yarnpkg.com registry.yarnpkg.com:443
      at errnoException (dns.js:50:10)
      at GetAddrInfoReqWrap.onlookup [as oncomplete] (dns.js:92:26)

npm manifest: 
  {
    "name": "eosc_scatter",
    "version": "1.0.0",
    "description": "",
    "main": "index.js",
    "scripts": {
      "build": "NODE_ENV=production webpack",
      "dev": "NODE_ENV=development webpack-dev-server --hot"
    },
    "author": "",
    "license": "ISC",
    "dependencies": {
      "axios": "^0.18.0",
      "bignumber.js": "^7.2.1",
      "clipboard-copy": "^2.0.0",
      "eosjs": "git+https://github.com/eosforce/eosjs.git#821bea5",
      "js-cookie": "^2.2.0",
      "vue": "^2.5.16",
      "vue-router": "^3.0.1",
      "vuex": "^3.0.1"
    },
    "devDependencies": {
      "babel-core": "^6.26.3",
      "babel-eslint": "^8.2.3",
      "babel-loader": "^7.1.4",
      "babel-plugin-component": "^1.1.1",
      "babel-plugin-syntax-dynamic-import": "^6.18.0",
      "babel-plugin-transform-runtime": "^6.23.0",
      "babel-preset-env": "^1.7.0",
      "babel-preset-es2015": "^6.24.1",
      "babel-preset-es2017": "^6.24.1",
      "babel-preset-stage-0": "^6.24.1",
      "babel-preset-stage-2": "^6.24.1",
      "babel-register": "^6.26.0",
      "babili-webpack-plugin": "^0.1.2",
      "copy-webpack-plugin": "^4.5.1",
      "css-loader": "^0.28.11",
      "eslint-loader": "^2.0.0",
      "extract-text-webpack-plugin": "^4.0.0-beta.0",
      "file-loader": "^1.1.11",
      "html-webpack-plugin": "^3.2.0",
      "style-loader": "^0.21.0",
      "uglifyjs-webpack-plugin": "^1.2.5",
      "url-loader": "^1.0.1",
      "vue-html-loader": "^1.2.4",
      "vue-loader": "^14.2.2",
      "vue-style-loader": "^4.1.0",
      "vue-template-compiler": "^2.5.16",
      "webpack": "^4.12.0",
      "webpack-cli": "^3.0.3",
      "webpack-command": "^0.2.1",
      "webpack-dev-server": "^3.1.4"
    }
  }

yarn manifest: 
  No manifest

Lockfile: 
  No lockfile
